

Processing NotesController#index (for 127.0.0.1 at 2008-05-14 13:56:56) [POST]
  Session ID: 783fb8ab60acd3a4326f488dbbfd60b5
  Parameters: {"dl_sig_time"=>"1210798615.86913", "dl_sig_request_method"=>"GET", "dl_sig_stub"=>"journal", "dl_sig_root_loc"=>"http://phil.sm.com:3000/journal", "dl_sig_locale"=>"en_US", "dl_sig_expires"=>"0", "action"=>"index", "dl_sig_added"=>"1", "dl_sig_in_canvas"=>"1", "controller"=>"notes", "dl_sig"=>"9b6e2e4c24cd97571119de6507b4f6c7", "dl_sig_position_fix"=>"1", "dl_sig_profile_update_time"=>"1202965265", "dl_sig_friends"=>"1", "dl_sig_user"=>"11", "dl_sig_session_key"=>"UrZljHwV7UZO1Hw3k7fsIMLE", "dl_sig_api_key"=>"Qnmqv3ATOBbXE6hI0LIWCZWz6BD7YvXO", "dl_sig_owner_user"=>"11"}


Processing NotesController#index (for 127.0.0.1 at 2008-05-14 13:56:56) [POST]
  Session ID: 783fb8ab60acd3a4326f488dbbfd60b5
  Parameters: {"dl_sig_time"=>"1210798615.86913", "dl_sig_request_method"=>"GET", "dl_sig_stub"=>"journal", "dl_sig_root_loc"=>"http://phil.sm.com:3000/journal", "dl_sig_locale"=>"en_US", "dl_sig_expires"=>"0", "action"=>"index", "dl_sig_added"=>"1", "dl_sig_in_canvas"=>"1", "controller"=>"notes", "dl_sig"=>"9b6e2e4c24cd97571119de6507b4f6c7", "dl_sig_position_fix"=>"1", "dl_sig_profile_update_time"=>"1202965265", "dl_sig_friends"=>"1", "dl_sig_user"=>"11", "dl_sig_session_key"=>"UrZljHwV7UZO1Hw3k7fsIMLE", "dl_sig_api_key"=>"Qnmqv3ATOBbXE6hI0LIWCZWz6BD7YvXO", "dl_sig_owner_user"=>"11"}


MissingSourceFile (no such file to load -- sqlite3):
    /usr/local/lib/ruby/site_ruby/1.8/rubygems/custom_require.rb:27:in `gem_original_require'
    /usr/local/lib/ruby/site_ruby/1.8/rubygems/custom_require.rb:27:in `require'
    /usr/local/lib/ruby/gems/1.8/gems/activesupport-2.0.2/lib/active_support/dependencies.rb:496:in `require'
    /usr/local/lib/ruby/gems/1.8/gems/activesupport-2.0.2/lib/active_support/dependencies.rb:342:in `new_constants_in'
    /usr/local/lib/ruby/gems/1.8/gems/activesupport-2.0.2/lib/active_support/dependencies.rb:496:in `require'
    /usr/local/lib/ruby/gems/1.8/gems/activesupport-2.0.2/lib/active_support/core_ext/kernel/requires.rb:7:in `require_library_or_gem'
    /usr/local/lib/ruby/gems/1.8/gems/activesupport-2.0.2/lib/active_support/core_ext/kernel/reporting.rb:11:in `silence_warnings'
    /usr/local/lib/ruby/gems/1.8/gems/activesupport-2.0.2/lib/active_support/core_ext/kernel/requires.rb:5:in `require_library_or_gem'
    /usr/local/lib/ruby/gems/1.8/gems/activerecord-2.0.2/lib/active_record/connection_adapters/sqlite3_adapter.rb:10:in `sqlite3_connection'
    /usr/local/lib/ruby/gems/1.8/gems/activerecord-2.0.2/lib/active_record/connection_adapters/abstract/connection_specification.rb:291:in `send'
    /usr/local/lib/ruby/gems/1.8/gems/activerecord-2.0.2/lib/active_record/connection_adapters/abstract/connection_specification.rb:291:in `connection='
    /usr/local/lib/ruby/gems/1.8/gems/activerecord-2.0.2/lib/active_record/connection_adapters/abstract/connection_specification.rb:259:in `retrieve_connection'
    /usr/local/lib/ruby/gems/1.8/gems/activerecord-2.0.2/lib/active_record/connection_adapters/abstract/connection_specification.rb:78:in `connection'
    /usr/local/lib/ruby/gems/1.8/gems/activerecord-2.0.2/lib/active_record/query_cache.rb:8:in `cache'
    /usr/local/lib/ruby/gems/1.8/gems/actionpack-2.0.2/lib/action_controller/caching.rb:677:in `perform_action'
    /usr/local/lib/ruby/gems/1.8/gems/actionpack-2.0.2/lib/action_controller/base.rb:524:in `send'
    /usr/local/lib/ruby/gems/1.8/gems/actionpack-2.0.2/lib/action_controller/base.rb:524:in `process_without_filters'
    /usr/local/lib/ruby/gems/1.8/gems/actionpack-2.0.2/lib/action_controller/filters.rb:685:in `process_without_session_management_support'
    /usr/local/lib/ruby/gems/1.8/gems/actionpack-2.0.2/lib/action_controller/session_management.rb:123:in `process'
    /usr/local/lib/ruby/gems/1.8/gems/actionpack-2.0.2/lib/action_controller/base.rb:388:in `process'
    /usr/local/lib/ruby/gems/1.8/gems/actionpack-2.0.2/lib/action_controller/dispatcher.rb:171:in `handle_request'
    /usr/local/lib/ruby/gems/1.8/gems/actionpack-2.0.2/lib/action_controller/dispatcher.rb:115:in `dispatch'
    /usr/local/lib/ruby/gems/1.8/gems/actionpack-2.0.2/lib/action_controller/dispatcher.rb:126:in `dispatch_cgi'
    /usr/local/lib/ruby/gems/1.8/gems/actionpack-2.0.2/lib/action_controller/dispatcher.rb:9:in `dispatch'
    /usr/local/lib/ruby/gems/1.8/gems/mongrel-1.1.4/bin/../lib/mongrel/rails.rb:76:in `process'
    /usr/local/lib/ruby/gems/1.8/gems/mongrel-1.1.4/bin/../lib/mongrel/rails.rb:74:in `synchronize'
    /usr/local/lib/ruby/gems/1.8/gems/mongrel-1.1.4/bin/../lib/mongrel/rails.rb:74:in `process'
    /usr/local/lib/ruby/gems/1.8/gems/mongrel-1.1.4/lib/mongrel.rb:159:in `process_client'
    /usr/local/lib/ruby/gems/1.8/gems/mongrel-1.1.4/lib/mongrel.rb:158:in `each'
    /usr/local/lib/ruby/gems/1.8/gems/mongrel-1.1.4/lib/mongrel.rb:158:in `process_client'
    /usr/local/lib/ruby/gems/1.8/gems/mongrel-1.1.4/lib/mongrel.rb:285:in `run'
    /usr/local/lib/ruby/gems/1.8/gems/mongrel-1.1.4/lib/mongrel.rb:285:in `initialize'
    /usr/local/lib/ruby/gems/1.8/gems/mongrel-1.1.4/lib/mongrel.rb:285:in `new'
    /usr/local/lib/ruby/gems/1.8/gems/mongrel-1.1.4/lib/mongrel.rb:285:in `run'
    /usr/local/lib/ruby/gems/1.8/gems/mongrel-1.1.4/lib/mongrel.rb:268:in `initialize'
    /usr/local/lib/ruby/gems/1.8/gems/mongrel-1.1.4/lib/mongrel.rb:268:in `new'
    /usr/local/lib/ruby/gems/1.8/gems/mongrel-1.1.4/lib/mongrel.rb:268:in `run'
    /usr/local/lib/ruby/gems/1.8/gems/mongrel-1.1.4/lib/mongrel/configurator.rb:282:in `run'
    /usr/local/lib/ruby/gems/1.8/gems/mongrel-1.1.4/lib/mongrel/configurator.rb:281:in `each'
    /usr/local/lib/ruby/gems/1.8/gems/mongrel-1.1.4/lib/mongrel/configurator.rb:281:in `run'
    /usr/local/lib/ruby/gems/1.8/gems/mongrel-1.1.4/bin/mongrel_rails:128:in `run'
    /usr/local/lib/ruby/gems/1.8/gems/mongrel-1.1.4/lib/mongrel/command.rb:212:in `run'
    /usr/local/lib/ruby/gems/1.8/gems/mongrel-1.1.4/bin/mongrel_rails:281
    /usr/local/lib/ruby/gems/1.8/gems/activesupport-2.0.2/lib/active_support/dependencies.rb:489:in `load'
    /usr/local/lib/ruby/gems/1.8/gems/activesupport-2.0.2/lib/active_support/dependencies.rb:489:in `load'
    /usr/local/lib/ruby/gems/1.8/gems/activesupport-2.0.2/lib/active_support/dependencies.rb:342:in `new_constants_in'
    /usr/local/lib/ruby/gems/1.8/gems/activesupport-2.0.2/lib/active_support/dependencies.rb:489:in `load'
    /usr/local/lib/ruby/gems/1.8/gems/rails-2.0.2/lib/commands/servers/mongrel.rb:64
    /usr/local/lib/ruby/site_ruby/1.8/rubygems/custom_require.rb:27:in `gem_original_require'
    /usr/local/lib/ruby/site_ruby/1.8/rubygems/custom_require.rb:27:in `require'
    /usr/local/lib/ruby/gems/1.8/gems/activesupport-2.0.2/lib/active_support/dependencies.rb:496:in `require'
    /usr/local/lib/ruby/gems/1.8/gems/activesupport-2.0.2/lib/active_support/dependencies.rb:342:in `new_constants_in'
    /usr/local/lib/ruby/gems/1.8/gems/activesupport-2.0.2/lib/active_support/dependencies.rb:496:in `require'
    /usr/local/lib/ruby/gems/1.8/gems/rails-2.0.2/lib/commands/server.rb:39
    /usr/local/lib/ruby/site_ruby/1.8/rubygems/custom_require.rb:27:in `gem_original_require'
    /usr/local/lib/ruby/site_ruby/1.8/rubygems/custom_require.rb:27:in `require'
    script/server:3

Rendering /usr/local/lib/ruby/gems/1.8/gems/actionpack-2.0.2/lib/action_controller/templates/rescues/layout.erb (internal_server_error)


Processing NotesController#index (for 127.0.0.1 at 2008-05-14 14:04:48) [POST]
  Session ID: 2ad346ad1ce3bf6be5b51a0a2c718825
  Parameters: {"dl_sig_time"=>"1210799088.10447", "dl_sig_request_method"=>"GET", "dl_sig_stub"=>"journal", "dl_sig_root_loc"=>"http://phil.sm.com:3000/journal", "dl_sig_locale"=>"en_US", "dl_sig_expires"=>"0", "action"=>"index", "dl_sig_added"=>"1", "dl_sig_in_canvas"=>"1", "controller"=>"notes", "dl_sig"=>"a44ff762937f4a564a3b948bbb452a58", "dl_sig_position_fix"=>"1", "dl_sig_profile_update_time"=>"1202965265", "dl_sig_friends"=>"1", "dl_sig_user"=>"11", "dl_sig_session_key"=>"UrZljHwV7UZO1Hw3k7fsIMLE", "dl_sig_api_key"=>"Qnmqv3ATOBbXE6hI0LIWCZWz6BD7YvXO", "dl_sig_owner_user"=>"11"}
  [4;36;1mNote Load (0.000000)[0m   [0;1mSQLite3::SQLException: no such table: notes: SELECT * FROM notes WHERE (user_id = '11' AND user_type = 'deluux') ORDER BY created_at desc[0m


ActiveRecord::StatementInvalid (SQLite3::SQLException: no such table: notes: SELECT * FROM notes   WHERE (user_id = '11' AND user_type = 'deluux')  ORDER BY created_at desc):
    /usr/local/lib/ruby/gems/1.8/gems/activerecord-2.0.2/lib/active_record/connection_adapters/abstract_adapter.rb:150:in `log'
    /usr/local/lib/ruby/gems/1.8/gems/activerecord-2.0.2/lib/active_record/connection_adapters/sqlite_adapter.rb:132:in `execute'
    /usr/local/lib/ruby/gems/1.8/gems/activerecord-2.0.2/lib/active_record/connection_adapters/sqlite_adapter.rb:345:in `catch_schema_changes'
    /usr/local/lib/ruby/gems/1.8/gems/activerecord-2.0.2/lib/active_record/connection_adapters/sqlite_adapter.rb:132:in `execute'
    /usr/local/lib/ruby/gems/1.8/gems/activerecord-2.0.2/lib/active_record/connection_adapters/sqlite_adapter.rb:256:in `select'
    /usr/local/lib/ruby/gems/1.8/gems/activerecord-2.0.2/lib/active_record/connection_adapters/abstract/database_statements.rb:7:in `select_all_without_query_cache'
    /usr/local/lib/ruby/gems/1.8/gems/activerecord-2.0.2/lib/active_record/connection_adapters/abstract/query_cache.rb:53:in `select_all'
    /usr/local/lib/ruby/gems/1.8/gems/activerecord-2.0.2/lib/active_record/connection_adapters/abstract/query_cache.rb:74:in `cache_sql'
    /usr/local/lib/ruby/gems/1.8/gems/activerecord-2.0.2/lib/active_record/connection_adapters/abstract/query_cache.rb:53:in `select_all'
    /usr/local/lib/ruby/gems/1.8/gems/activerecord-2.0.2/lib/active_record/base.rb:532:in `find_by_sql'
    /usr/local/lib/ruby/gems/1.8/gems/activerecord-2.0.2/lib/active_record/base.rb:1233:in `find_every'
    /usr/local/lib/ruby/gems/1.8/gems/activerecord-2.0.2/lib/active_record/base.rb:503:in `find'
    /app/models/note.rb:4:in `find_by'
    /app/controllers/notes_controller.rb:10:in `index'
    /usr/local/lib/ruby/gems/1.8/gems/actionpack-2.0.2/lib/action_controller/base.rb:1158:in `send'
    /usr/local/lib/ruby/gems/1.8/gems/actionpack-2.0.2/lib/action_controller/base.rb:1158:in `perform_action_without_filters'
    /usr/local/lib/ruby/gems/1.8/gems/actionpack-2.0.2/lib/action_controller/filters.rb:697:in `call_filters'
    /usr/local/lib/ruby/gems/1.8/gems/actionpack-2.0.2/lib/action_controller/filters.rb:725:in `run_before_filters'
    /app/controllers/application.rb:22:in `catch_errors'
    /usr/local/lib/ruby/gems/1.8/gems/actionpack-2.0.2/lib/action_controller/filters.rb:469:in `send!'
    /usr/local/lib/ruby/gems/1.8/gems/actionpack-2.0.2/lib/action_controller/filters.rb:469:in `call'
    /usr/local/lib/ruby/gems/1.8/gems/actionpack-2.0.2/lib/action_controller/filters.rb:722:in `run_before_filters'
    /usr/local/lib/ruby/gems/1.8/gems/actionpack-2.0.2/lib/action_controller/filters.rb:695:in `call_filters'
    /usr/local/lib/ruby/gems/1.8/gems/actionpack-2.0.2/lib/action_controller/filters.rb:689:in `perform_action_without_benchmark'
    /usr/local/lib/ruby/gems/1.8/gems/actionpack-2.0.2/lib/action_controller/benchmarking.rb:68:in `perform_action_without_rescue'
    /usr/local/lib/ruby/1.8/benchmark.rb:293:in `measure'
    /usr/local/lib/ruby/gems/1.8/gems/actionpack-2.0.2/lib/action_controller/benchmarking.rb:68:in `perform_action_without_rescue'
    /usr/local/lib/ruby/gems/1.8/gems/actionpack-2.0.2/lib/action_controller/rescue.rb:199:in `perform_action_without_caching'
    /usr/local/lib/ruby/gems/1.8/gems/actionpack-2.0.2/lib/action_controller/caching.rb:678:in `perform_action'
    /usr/local/lib/ruby/gems/1.8/gems/activerecord-2.0.2/lib/active_record/connection_adapters/abstract/query_cache.rb:33:in `cache'
    /usr/local/lib/ruby/gems/1.8/gems/activerecord-2.0.2/lib/active_record/query_cache.rb:8:in `cache'
    /usr/local/lib/ruby/gems/1.8/gems/actionpack-2.0.2/lib/action_controller/caching.rb:677:in `perform_action'
    /usr/local/lib/ruby/gems/1.8/gems/actionpack-2.0.2/lib/action_controller/base.rb:524:in `send'
    /usr/local/lib/ruby/gems/1.8/gems/actionpack-2.0.2/lib/action_controller/base.rb:524:in `process_without_filters'
    /usr/local/lib/ruby/gems/1.8/gems/actionpack-2.0.2/lib/action_controller/filters.rb:685:in `process_without_session_management_support'
    /usr/local/lib/ruby/gems/1.8/gems/actionpack-2.0.2/lib/action_controller/session_management.rb:123:in `process'
    /usr/local/lib/ruby/gems/1.8/gems/actionpack-2.0.2/lib/action_controller/base.rb:388:in `process'
    /usr/local/lib/ruby/gems/1.8/gems/actionpack-2.0.2/lib/action_controller/dispatcher.rb:171:in `handle_request'
    /usr/local/lib/ruby/gems/1.8/gems/actionpack-2.0.2/lib/action_controller/dispatcher.rb:115:in `dispatch'
    /usr/local/lib/ruby/gems/1.8/gems/actionpack-2.0.2/lib/action_controller/dispatcher.rb:126:in `dispatch_cgi'
    /usr/local/lib/ruby/gems/1.8/gems/actionpack-2.0.2/lib/action_controller/dispatcher.rb:9:in `dispatch'
    /usr/local/lib/ruby/gems/1.8/gems/mongrel-1.1.4/bin/../lib/mongrel/rails.rb:76:in `process'
    /usr/local/lib/ruby/gems/1.8/gems/mongrel-1.1.4/bin/../lib/mongrel/rails.rb:74:in `synchronize'
    /usr/local/lib/ruby/gems/1.8/gems/mongrel-1.1.4/bin/../lib/mongrel/rails.rb:74:in `process'
    /usr/local/lib/ruby/gems/1.8/gems/mongrel-1.1.4/lib/mongrel.rb:159:in `process_client'
    /usr/local/lib/ruby/gems/1.8/gems/mongrel-1.1.4/lib/mongrel.rb:158:in `each'
    /usr/local/lib/ruby/gems/1.8/gems/mongrel-1.1.4/lib/mongrel.rb:158:in `process_client'
    /usr/local/lib/ruby/gems/1.8/gems/mongrel-1.1.4/lib/mongrel.rb:285:in `run'
    /usr/local/lib/ruby/gems/1.8/gems/mongrel-1.1.4/lib/mongrel.rb:285:in `initialize'
    /usr/local/lib/ruby/gems/1.8/gems/mongrel-1.1.4/lib/mongrel.rb:285:in `new'
    /usr/local/lib/ruby/gems/1.8/gems/mongrel-1.1.4/lib/mongrel.rb:285:in `run'
    /usr/local/lib/ruby/gems/1.8/gems/mongrel-1.1.4/lib/mongrel.rb:268:in `initialize'
    /usr/local/lib/ruby/gems/1.8/gems/mongrel-1.1.4/lib/mongrel.rb:268:in `new'
    /usr/local/lib/ruby/gems/1.8/gems/mongrel-1.1.4/lib/mongrel.rb:268:in `run'
    /usr/local/lib/ruby/gems/1.8/gems/mongrel-1.1.4/lib/mongrel/configurator.rb:282:in `run'
    /usr/local/lib/ruby/gems/1.8/gems/mongrel-1.1.4/lib/mongrel/configurator.rb:281:in `each'
    /usr/local/lib/ruby/gems/1.8/gems/mongrel-1.1.4/lib/mongrel/configurator.rb:281:in `run'
    /usr/local/lib/ruby/gems/1.8/gems/mongrel-1.1.4/bin/mongrel_rails:128:in `run'
    /usr/local/lib/ruby/gems/1.8/gems/mongrel-1.1.4/lib/mongrel/command.rb:212:in `run'
    /usr/local/lib/ruby/gems/1.8/gems/mongrel-1.1.4/bin/mongrel_rails:281
    /usr/local/lib/ruby/gems/1.8/gems/activesupport-2.0.2/lib/active_support/dependencies.rb:489:in `load'
    /usr/local/lib/ruby/gems/1.8/gems/activesupport-2.0.2/lib/active_support/dependencies.rb:489:in `load'
    /usr/local/lib/ruby/gems/1.8/gems/activesupport-2.0.2/lib/active_support/dependencies.rb:342:in `new_constants_in'
    /usr/local/lib/ruby/gems/1.8/gems/activesupport-2.0.2/lib/active_support/dependencies.rb:489:in `load'
    /usr/local/lib/ruby/gems/1.8/gems/rails-2.0.2/lib/commands/servers/mongrel.rb:64
    /usr/local/lib/ruby/site_ruby/1.8/rubygems/custom_require.rb:27:in `gem_original_require'
    /usr/local/lib/ruby/site_ruby/1.8/rubygems/custom_require.rb:27:in `require'
    /usr/local/lib/ruby/gems/1.8/gems/activesupport-2.0.2/lib/active_support/dependencies.rb:496:in `require'
    /usr/local/lib/ruby/gems/1.8/gems/activesupport-2.0.2/lib/active_support/dependencies.rb:342:in `new_constants_in'
    /usr/local/lib/ruby/gems/1.8/gems/activesupport-2.0.2/lib/active_support/dependencies.rb:496:in `require'
    /usr/local/lib/ruby/gems/1.8/gems/rails-2.0.2/lib/commands/server.rb:39
    /usr/local/lib/ruby/site_ruby/1.8/rubygems/custom_require.rb:27:in `gem_original_require'
    /usr/local/lib/ruby/site_ruby/1.8/rubygems/custom_require.rb:27:in `require'
    script/server:3

Rendering /usr/local/lib/ruby/gems/1.8/gems/actionpack-2.0.2/lib/action_controller/templates/rescues/layout.erb (internal_server_error)
  [4;36;1mSQL (0.000487)[0m   [0;1mselect sqlite_version(*)[0m
  [4;35;1mSQL (0.009947)[0m   [0mCREATE TABLE schema_info (version integer)[0m
  [4;36;1mSQL (0.002254)[0m   [0;1mINSERT INTO schema_info (version) VALUES(0)[0m
  [4;35;1mSQL (0.000000)[0m   [0mSQLite3::SQLException: table schema_info already exists: CREATE TABLE schema_info (version integer)[0m
  [4;36;1mSQL (0.000450)[0m   [0;1mSELECT version FROM schema_info[0m
Migrating to CreateNotes (2)
  [4;35;1mSQL (0.004219)[0m   [0mCREATE TABLE notes ("id" INTEGER PRIMARY KEY AUTOINCREMENT NOT NULL, "user_id" integer DEFAULT NULL, "text" text DEFAULT NULL, "blog_id" integer DEFAULT NULL, "created_at" datetime DEFAULT NULL, "updated_at" datetime DEFAULT NULL) [0m
  [4;36;1mSQL (0.016996)[0m   [0;1mCREATE INDEX "index_notes_on_user_id" ON notes ("user_id")[0m
  [4;35;1mSQL (0.035777)[0m   [0mCREATE INDEX "index_notes_on_blog_id" ON notes ("blog_id")[0m
  [4;36;1mSQL (0.003132)[0m   [0;1mUPDATE schema_info SET version = 2[0m
  [4;35;1mSQL (0.000495)[0m   [0mSELECT version FROM schema_info[0m
Migrating to UserType (3)
  [4;36;1mSQL (0.002693)[0m   [0;1mALTER TABLE notes ADD "user_type" varchar(255)[0m
  [4;35;1mSQL (0.007820)[0m   [0mVACUUM[0m
  [4;36;1mSQL (0.004297)[0m   [0;1mCREATE INDEX "index_notes_on_user_id_and_user_type" ON notes ("user_id", "user_type")[0m
  [4;35;1mSQL (0.003633)[0m   [0mUPDATE schema_info SET version = 3[0m
  [4;36;1mSQL (0.000369)[0m   [0;1mSELECT version FROM schema_info[0m
Migrating to AddOrderIndex (4)
  [4;35;1mSQL (0.003152)[0m   [0mCREATE INDEX "index_notes_on_user_id_and_user_type_and_created_at" ON notes ("user_id", "user_type", "created_at")[0m
  [4;36;1mSQL (0.002149)[0m   [0;1mUPDATE schema_info SET version = 4[0m
  [4;35;1mSQL (0.000347)[0m   [0mSELECT version FROM schema_info[0m
Migrating to Title (5)
  [4;36;1mSQL (0.002785)[0m   [0;1mALTER TABLE notes ADD "title" varchar(255)[0m
  [4;35;1mSQL (0.011834)[0m   [0mVACUUM[0m
  [4;36;1mSQL (0.002835)[0m   [0;1mUPDATE schema_info SET version = 5[0m
  [4;35;1mSQL (0.000375)[0m   [0mSELECT * FROM schema_info[0m
  [4;36;1mSQL (0.026391)[0m   [0;1m SELECT name
 FROM sqlite_master
 WHERE type = 'table' AND NOT name = 'sqlite_sequence'
[0m
  [4;35;1mSQL (0.000521)[0m   [0mPRAGMA index_list(notes)[0m
  [4;36;1mSQL (0.000493)[0m   [0;1mPRAGMA index_info('index_notes_on_user_id_and_user_type_and_created_at')[0m
  [4;35;1mSQL (0.000300)[0m   [0mPRAGMA index_info('index_notes_on_user_id_and_user_type')[0m
  [4;36;1mSQL (0.000206)[0m   [0;1mPRAGMA index_info('index_notes_on_blog_id')[0m
  [4;35;1mSQL (0.000208)[0m   [0mPRAGMA index_info('index_notes_on_user_id')[0m


Processing NotesController#index (for 127.0.0.1 at 2008-05-14 14:05:10) [POST]
  Session ID: 5111ca659bb22687a88632e0f003ac33
  Parameters: {"dl_sig_time"=>"1210799110.74672", "dl_sig_request_method"=>"GET", "dl_sig_stub"=>"journal", "dl_sig_root_loc"=>"http://phil.sm.com:3000/journal", "dl_sig_locale"=>"en_US", "dl_sig_expires"=>"0", "action"=>"index", "dl_sig_added"=>"1", "dl_sig_in_canvas"=>"1", "controller"=>"notes", "dl_sig"=>"f5b30cc03caec8b26109029d9be992cf", "dl_sig_position_fix"=>"1", "dl_sig_profile_update_time"=>"1202965265", "dl_sig_friends"=>"1", "dl_sig_user"=>"11", "dl_sig_session_key"=>"UrZljHwV7UZO1Hw3k7fsIMLE", "dl_sig_api_key"=>"Qnmqv3ATOBbXE6hI0LIWCZWz6BD7YvXO", "dl_sig_owner_user"=>"11"}
  [4;35;1mNote Load (0.000990)[0m   [0mSELECT * FROM notes WHERE (user_id = '11' AND user_type = 'deluux') ORDER BY created_at desc[0m
Rendering notes/index
Completed in 0.01979 (50 reqs/sec) | Rendering: 0.00589 (29%) | DB: 0.00099 (5%) | 200 OK [http://localhost/notes/]
